
Array
(
    [time] => 2015-10-12 14:02:25
    [0] => 89a6e8dd5d0fcee730737f8459ea0777
)

Array
(
    [time] => 2015-10-12 14:03:56
    [0] => Array
        (
            [0] => transaction_id
            [1] => page_size
            [2] => content
        )

)

Array
(
    [time] => 2015-10-12 14:05:42
    [0] => Array
        (
            [0] => gvs
            [1] => /usr/local/bin/wkhtmltopdf --encoding utf8 -q --page-size A4
        )

)

Array
(
    [time] => 2015-10-12 14:09:39
    [0] => /var/www/html/app/files/55c627b6cf947f3b176be044d1e12b01.html
    [1] => /var/www/html/app/files/55c627b6cf947f3b176be044d1e12b01.pdf
)

Array
(
    [time] => 2015-10-12 14:11:36
    [0] => 
    [1] => /usr/local/bin/wkhtmltopdf --encoding utf8 -q --page-size A4 /var/www/html/app/files/fec189a29c34e3b5884d18e70938e363.html /var/www/html/app/files/fec189a29c34e3b5884d18e70938e363.pdf
)
